[dotenv@17.3.1] injecting env (12) from .env -- tip: ⚙️  write to custom object with { processEnv: myObject }
📋 已加载配置文件：config.json
⚙️  配置信息:
   端口：3001
   OpenClaw 路径：/root/.openclaw
   Agents 路径：/root/.openclaw/agents
   日志路径：/root/.openclaw/monitor-platform/logs
🚀 Agent 监控平台 API 服务已启动
📡 监听端口：http://0.0.0.0:3001
🔌 WebSocket 已启用 (Socket.io)
📊 可用端点:
   GET /api/subagents/list - 获取子 Agent 列表
   GET /api/sessions/list  - 获取会话列表
   GET /api/stats          - 获取统计数据
   GET /api/health         - 健康检查
   POST /api/sessions/stop - 停止会话
   POST /api/sessions/restart - 重启会话
   WS /                    - WebSocket 实时日志
💡 当前使用 **真实数据** (OpenClaw CLI)
🌐 可从外部访问（需要防火墙开放端口）
[WS] 客户端连接: pJSU7OaQ3jfOpof6AAAB
[WS] 客户端订阅会话历史: agent:main:main pJSU7OaQ3jfOpof6AAAB
[WS] 客户端取消订阅会话历史: agent:main:main
[WS] 客户端断开: pJSU7OaQ3jfOpof6AAAB
[WS] 客户端连接: 5mMhBZ-1rcso3ztyAAAD
[WS] 客户端订阅会话历史: agent:main:main 5mMhBZ-1rcso3ztyAAAD
[WS] 客户端取消订阅会话历史: agent:main:main
[WS] 客户端断开: 5mMhBZ-1rcso3ztyAAAD
error: too many arguments for 'sessions'. Expected 0 arguments but got 2.
[API] 停止会话失败: Command failed: /root/.nvm/versions/node/v24.13.0/bin/openclaw sessions kill agent:main:main
error: too many arguments for 'sessions'. Expected 0 arguments but got 2.

[WS] 客户端连接: agifySeTa5pXD10SAAAF
[WS] 客户端订阅会话历史: agent:main:main agifySeTa5pXD10SAAAF
[WS] 客户端断开: agifySeTa5pXD10SAAAF
[WS] 客户端连接: i4GBnZnXAek_In_zAAAH
[WS] 客户端订阅会话历史: agent:main:main i4GBnZnXAek_In_zAAAH
[WS] 客户端断开: i4GBnZnXAek_In_zAAAH
[WS] 客户端连接: y27D2QwJ6qGNBV0IAAAJ
[WS] 客户端订阅会话历史: agent:main:main y27D2QwJ6qGNBV0IAAAJ
